<?xml version="1.0" encoding="UTF-8"?>
<!-- Generated by org.testng.reporters.JUnitReportReporter -->
<testsuite hostname="LAPTOP-PIHV1G6S" failures="0" tests="1" name="testNG.TestNGPractice" time="0.040" errors="0" timestamp="15 Jul 2023 04:13:23 GMT">
  <testcase classname="testNG.TestNGPractice" name="createCustomer" time="0.040"/>
</testsuite> <!-- testNG.TestNGPractice -->
